
> jobops_clipper@0.1.0 build
> node build.js --outdir=../../dist/extension

[2025-08-10T19:18:54.817Z] --- Build started ---
[2025-08-10T19:18:54.819Z] Mode: dev | watch=false | minify=false | sourcemap=true
[2025-08-10T19:18:54.819Z] Output directory: /Users/yilmaz/Projects/jobops/dist/extension
[2025-08-10T19:18:54.819Z] Ensuring output directory exists...
[2025-08-10T19:18:54.819Z] Output directory ready.
[2025-08-10T19:18:54.819Z] Running TypeScript build...
[2025-08-10T19:18:55.332Z] TypeScript build completed.
[2025-08-10T19:18:55.333Z] Copying manifest and icon...
[2025-08-10T19:18:55.334Z] Manifest and icon copied.
[2025-08-10T19:18:55.334Z] Using BACKEND_API_BASE: http://localhost:8877
[2025-08-10T19:18:55.334Z] Bundling background.ts with esbuild...
[2025-08-10T19:18:55.360Z] background.ts bundled.
[2025-08-10T19:18:55.360Z] Bundling content.ts with esbuild...
[2025-08-10T19:18:55.369Z] content.ts bundled.
[2025-08-10T19:18:55.369Z] Bundling popup.ts with esbuild...
[2025-08-10T19:18:55.387Z] popup.ts bundled.
[2025-08-10T19:18:55.387Z] Copying popup.html and popup.css...
[2025-08-10T19:18:55.387Z] popup.html and popup.css copied.
[2025-08-10T19:18:55.388Z] Copying locale files...
[2025-08-10T19:18:55.388Z] Copied en.json
[2025-08-10T19:18:55.389Z] Copied nl.json
[2025-08-10T19:18:55.389Z] Copied fr.json
[2025-08-10T19:18:55.390Z] Copied tr.json
[2025-08-10T19:18:55.390Z] Locale files copied.
[2025-08-10T19:18:55.390Z] --- Build completed successfully ---


  ../../dist/extension/background.js       6.8kb
  ../../dist/extension/background.js.map  11.4kb

⚡ Done in 6ms

  ../../dist/extension/content.js      3.5kb
  ../../dist/extension/content.js.map  6.3kb

⚡ Done in 1ms

  ../../dist/extension/popup.js      231.5kb
  ../../dist/extension/popup.js.map  424.7kb

⚡ Done in 10ms
